<?xml version="1.0" encoding="UTF-8"?>
<!-- Generated by org.testng.reporters.JUnitXMLReporter -->
<testsuite ignored="0" hostname="DESKTOP-5EVK54D" failures="0" tests="3" name="Default test" time="7.04" errors="0" timestamp="2023-07-12T11:29:21 IST">
  <testcase classname="com.spotify.oath2.testsframework.PlaylistAllAPIWithReusableCalls" name="createPlayList" time="5.843"/>
  <testcase classname="com.spotify.oath2.testsframework.PlaylistAllAPIWithReusableCalls" name="updatePlaylist" time="0.554"/>
  <testcase classname="com.spotify.oath2.testsframework.PlaylistAllAPIWithReusableCalls" name="GetAPlaylist" time="0.564"/>
</testsuite> <!-- Default test -->
