<?xml version="1.0" encoding="UTF-8"?>
<!-- Generated by org.testng.reporters.JUnitXMLReporter -->
<testsuite ignored="0" hostname="DESKTOP-5EVK54D" failures="0" tests="2" name="Default test" time="5.212" errors="0" timestamp="2023-07-12T06:39:46 IST">
  <testcase classname="com.spotify.oath2.testsframework.PlaylistAllAPIWithReusableCalls" name="createPlayList" time="4.795"/>
  <testcase classname="com.spotify.oath2.testsframework.PlaylistAllAPIWithReusableCalls" name="GetAPlaylist" time="0.341"/>
</testsuite> <!-- Default test -->
