<?xml version="1.0" encoding="UTF-8"?>
<!-- Generated by org.testng.reporters.JUnitXMLReporter -->
<testsuite ignored="0" hostname="DESKTOP-5EVK54D" failures="0" tests="4" name="Test" time="8.215" errors="0" timestamp="2023-04-30T07:33:49 IST">
  <testcase classname="ecom.LoginPage" name="loginToApp" time="6.993"/>
  <testcase classname="ecom.AddProduct" name="addProductToApp" time="0.709"/>
  <testcase classname="ecom.PlaceOrder" name="placingOrderTest" time="0.198"/>
  <testcase classname="ecom.DeleteProduct" name="deletingProduct" time="0.158"/>
</testsuite> <!-- Test -->
