<?xml version="1.0" encoding="UTF-8"?>
<testng-results ignored="0" total="1" passed="1" failed="0" skipped="0">
  <reporter-output>
  </reporter-output>
  <suite started-at="2023-07-05T23:49:32 IST" name="Default suite" finished-at="2023-07-05T23:49:36 IST" duration-ms="4388">
    <groups>
    </groups>
    <test started-at="2023-07-05T23:49:32 IST" name="Default test" finished-at="2023-07-05T23:49:36 IST" duration-ms="4388">
      <class name="spotifyapis.CreatePlaylist">
        <test-method is-config="true" signature="reqResSpec()[pri:0, instance:spotifyapis.CreatePlaylist@316bcf94]" started-at="2023-07-05T23:49:32 IST" name="reqResSpec" finished-at="2023-07-05T23:49:33 IST" duration-ms="1268" status="PASS">
          <reporter-output>
          </reporter-output>
        </test-method> <!-- reqResSpec -->
        <test-method signature="createPlayList()[pri:0, instance:spotifyapis.CreatePlaylist@316bcf94]" started-at="2023-07-05T23:49:33 IST" name="createPlayList" finished-at="2023-07-05T23:49:36 IST" duration-ms="3029" status="PASS">
          <reporter-output>
          </reporter-output>
        </test-method> <!-- createPlayList -->
      </class> <!-- spotifyapis.CreatePlaylist -->
    </test> <!-- Default test -->
  </suite> <!-- Default suite -->
</testng-results>
